MDDialog.type is set to an invalid option 'progress'. Must be one of: ['alert', 'simple', 'confirmation', 'custom']Traceback (most recent call last):
  File "/home/siwei/madeinhaven/madeinhaven/main.py", line 6, in <module>
    TestApp().run()
  File "/home/siwei/madeinhaven/madeinhaven/.venv/lib/python3.9/site-packages/kivy/app.py", line 956, in run
    runTouchApp()
  File "/home/siwei/madeinhaven/madeinhaven/.venv/lib/python3.9/site-packages/kivy/base.py", line 574, in runTouchApp
    EventLoop.mainloop()
  File "/home/siwei/madeinhaven/madeinhaven/.venv/lib/python3.9/site-packages/kivy/base.py", line 339, in mainloop
    self.idle()
  File "/home/siwei/madeinhaven/madeinhaven/.venv/lib/python3.9/site-packages/kivy/base.py", line 383, in idle
    self.dispatch_input()
  File "/home/siwei/madeinhaven/madeinhaven/.venv/lib/python3.9/site-packages/kivy/base.py", line 334, in dispatch_input
    post_dispatch_input(*pop(0))
  File "/home/siwei/madeinhaven/madeinhaven/.venv/lib/python3.9/site-packages/kivy/base.py", line 302, in post_dispatch_input
    wid.dispatch('on_touch_up', me)
  File "kivy/_event.pyx", line 731, in kivy._event.EventDispatcher.dispatch
  File "/home/siwei/madeinhaven/madeinhaven/.venv/lib/python3.9/site-packages/kivymd/uix/button/button.py", line 1145, in on_touch_up
    return super().on_touch_up(touch)
  File "/home/siwei/madeinhaven/madeinhaven/.venv/lib/python3.9/site-packages/kivymd/uix/behaviors/ripple_behavior.py", line 404, in on_touch_up
    return super().on_touch_up(touch)
  File "/home/siwei/madeinhaven/madeinhaven/.venv/lib/python3.9/site-packages/kivy/uix/behaviors/button.py", line 179, in on_touch_up
    self.dispatch('on_release')
  File "kivy/_event.pyx", line 727, in kivy._event.EventDispatcher.dispatch
  File "kivy/_event.pyx", line 1307, in kivy._event.EventObservers.dispatch
  File "kivy/_event.pyx", line 1231, in kivy._event.EventObservers._dispatch
  File "/home/siwei/madeinhaven/madeinhaven/src/test.py", line 197, in start_progress_demo
    progress_dialog = MDDialog(
  File "/home/siwei/madeinhaven/madeinhaven/.venv/lib/python3.9/site-packages/kivymd/uix/dialog/dialog.py", line 594, in __init__
    super().__init__(**kwargs)
  File "/home/siwei/madeinhaven/madeinhaven/.venv/lib/python3.9/site-packages/kivymd/theming.py", line 1670, in __init__
    super().__init__(**kwargs)
  File "/home/siwei/madeinhaven/madeinhaven/.venv/lib/python3.9/site-packages/kivymd/uix/behaviors/motion_behavior.py", line 201, in __init__
    super().__init__(**kwargs)
  File "/home/siwei/madeinhaven/madeinhaven/.venv/lib/python3.9/site-packages/kivy/uix/modalview.py", line 195, in __init__
    super(ModalView, self).__init__(**kwargs)
  File "/home/siwei/madeinhaven/madeinhaven/.venv/lib/python3.9/site-packages/kivy/uix/anchorlayout.py", line 68, in __init__
    super(AnchorLayout, self).__init__(**kwargs)
  File "/home/siwei/madeinhaven/madeinhaven/.venv/lib/python3.9/site-packages/kivy/uix/layout.py", line 76, in __init__
    super(Layout, self).__init__(**kwargs)
  File "/home/siwei/madeinhaven/madeinhaven/.venv/lib/python3.9/site-packages/kivy/uix/widget.py", line 357, in __init__
    super(Widget, self).__init__(**kwargs)
  File "kivy/_event.pyx", line 262, in kivy._event.EventDispatcher.__init__
  File "kivy/properties.pyx", line 520, in kivy.properties.Property.__set__
  File "kivy/properties.pyx", line 564, in kivy.properties.Property.set
  File "kivy/properties.pyx", line 555, in kivy.properties.Property.set
  File "kivy/properties.pyx", line 1354, in kivy.properties.OptionProperty.check
ValueError: MDDialog.type is set to an invalid option 'progress'. Must be one of: ['alert', 'simple', 'confirmation', 'custom']
